15:37:11,23 root INFO Starting Flask server on http://localhost:9898
15:37:11,85 werkzeug INFO [31m[1mWARNING: This is a development server. Do not use it in a production deployment. Use a production WSGI server instead.[0m
 * Running on all addresses (0.0.0.0)
 * Running on http://127.0.0.1:9898
 * Running on http://192.168.151.29:9898
15:37:11,85 werkzeug INFO [33mPress CTRL+C to quit[0m
15:37:11,463 werkzeug INFO 127.0.0.1 - - [27/Jul/2025 15:37:11] "GET /socket.io/?EIO=4&transport=polling&t=PXAq78X HTTP/1.1" 200 -
15:37:11,471 werkzeug INFO 127.0.0.1 - - [27/Jul/2025 15:37:11] "POST /socket.io/?EIO=4&transport=polling&t=PXAq78g&sid=DiNVbTQiNfd5TFyLAAAA HTTP/1.1" 200 -
15:37:11,473 werkzeug INFO 127.0.0.1 - - [27/Jul/2025 15:37:11] "GET /socket.io/?EIO=4&transport=polling&t=PXAq78h&sid=DiNVbTQiNfd5TFyLAAAA HTTP/1.1" 200 -
15:37:11,476 werkzeug INFO 127.0.0.1 - - [27/Jul/2025 15:37:11] "GET /socket.io/?EIO=4&transport=polling&t=PXAq78o&sid=DiNVbTQiNfd5TFyLAAAA HTTP/1.1" 200 -
15:38:17,982 root INFO Client disconnected
15:38:17,982 werkzeug INFO 127.0.0.1 - - [27/Jul/2025 15:38:17] "GET /socket.io/?EIO=4&transport=websocket&sid=DiNVbTQiNfd5TFyLAAAA HTTP/1.1" 200 -
15:38:17,999 werkzeug INFO 127.0.0.1 - - [27/Jul/2025 15:38:17] "GET / HTTP/1.1" 200 -
15:38:18,55 werkzeug INFO 127.0.0.1 - - [27/Jul/2025 15:38:18] "GET /static/styles.css HTTP/1.1" 200 -
15:38:19,998 werkzeug INFO 127.0.0.1 - - [27/Jul/2025 15:38:19] "GET /static/app.jsx HTTP/1.1" 200 -
15:38:20,223 werkzeug INFO 127.0.0.1 - - [27/Jul/2025 15:38:20] "GET /socket.io/?EIO=4&transport=polling&t=PXAqNwy HTTP/1.1" 200 -
15:38:20,254 werkzeug INFO 127.0.0.1 - - [27/Jul/2025 15:38:20] "POST /socket.io/?EIO=4&transport=polling&t=PXAqNxR&sid=qpojsWqoQetSi8JiAAAC HTTP/1.1" 200 -
15:38:20,257 werkzeug INFO 127.0.0.1 - - [27/Jul/2025 15:38:20] "GET /socket.io/?EIO=4&transport=polling&t=PXAqNxS&sid=qpojsWqoQetSi8JiAAAC HTTP/1.1" 200 -
15:38:20,263 werkzeug INFO 127.0.0.1 - - [27/Jul/2025 15:38:20] "[36mGET /static/icon.png HTTP/1.1[0m" 304 -
15:38:25,174 asyncio DEBUG Using selector: KqueueSelector
15:38:25,704 root INFO Loaded 1 MCP server configurations
15:38:26,163 root INFO Connected to MCP server: weather
15:38:26,163 root INFO TaskManager is using client's provider.
15:38:26,163 root INFO Memory is using the client's provider.
15:38:26,163 root INFO Using provider: Doubao
15:38:26,165 werkzeug INFO 127.0.0.1 - - [27/Jul/2025 15:38:26] "POST /api/initialize HTTP/1.1" 200 -
15:38:26,171 werkzeug INFO 127.0.0.1 - - [27/Jul/2025 15:38:26] "GET /api/tasks HTTP/1.1" 200 -
15:38:26,171 werkzeug INFO 127.0.0.1 - - [27/Jul/2025 15:38:26] "GET /api/memory HTTP/1.1" 200 -
15:38:26,173 werkzeug INFO 127.0.0.1 - - [27/Jul/2025 15:38:26] "GET /api/memory/operations HTTP/1.1" 200 -
15:38:26,175 werkzeug INFO 127.0.0.1 - - [27/Jul/2025 15:38:26] "GET /api/tools HTTP/1.1" 200 -
15:38:26,189 werkzeug INFO 127.0.0.1 - - [27/Jul/2025 15:38:26] "GET /api/tasks/1/detailed HTTP/1.1" 200 -
15:40:53,670 root INFO Client disconnected
15:40:53,670 werkzeug INFO 127.0.0.1 - - [27/Jul/2025 15:40:53] "GET /socket.io/?EIO=4&transport=websocket&sid=qpojsWqoQetSi8JiAAAC HTTP/1.1" 200 -
15:40:53,676 werkzeug INFO 127.0.0.1 - - [27/Jul/2025 15:40:53] "GET / HTTP/1.1" 200 -
15:40:53,724 werkzeug INFO 127.0.0.1 - - [27/Jul/2025 15:40:53] "GET /static/styles.css HTTP/1.1" 200 -
15:40:55,477 werkzeug INFO 127.0.0.1 - - [27/Jul/2025 15:40:55] "[36mGET /static/app.jsx HTTP/1.1[0m" 304 -
15:40:55,699 werkzeug INFO 127.0.0.1 - - [27/Jul/2025 15:40:55] "GET /socket.io/?EIO=4&transport=polling&t=PXAqzuH HTTP/1.1" 200 -
15:40:55,733 werkzeug INFO 127.0.0.1 - - [27/Jul/2025 15:40:55] "POST /socket.io/?EIO=4&transport=polling&t=PXAqzun&sid=UaoyF8AADvhidzkeAAAE HTTP/1.1" 200 -
15:40:55,738 werkzeug INFO 127.0.0.1 - - [27/Jul/2025 15:40:55] "GET /socket.io/?EIO=4&transport=polling&t=PXAqzuo&sid=UaoyF8AADvhidzkeAAAE HTTP/1.1" 200 -
15:40:55,741 werkzeug INFO 127.0.0.1 - - [27/Jul/2025 15:40:55] "[36mGET /static/icon.png HTTP/1.1[0m" 304 -
15:40:57,86 root INFO Loaded 1 MCP server configurations
15:40:57,598 root INFO Connected to MCP server: weather
15:40:57,598 root INFO TaskManager is using client's provider.
15:40:57,598 root INFO Memory is using the client's provider.
15:40:57,598 root INFO Using provider: Doubao
15:40:57,600 werkzeug INFO 127.0.0.1 - - [27/Jul/2025 15:40:57] "POST /api/initialize HTTP/1.1" 200 -
15:40:57,608 werkzeug INFO 127.0.0.1 - - [27/Jul/2025 15:40:57] "GET /api/memory HTTP/1.1" 200 -
15:40:57,609 werkzeug INFO 127.0.0.1 - - [27/Jul/2025 15:40:57] "GET /api/tasks HTTP/1.1" 200 -
15:40:57,610 werkzeug INFO 127.0.0.1 - - [27/Jul/2025 15:40:57] "GET /api/memory/operations HTTP/1.1" 200 -
15:40:57,612 werkzeug INFO 127.0.0.1 - - [27/Jul/2025 15:40:57] "GET /api/tools HTTP/1.1" 200 -
15:40:57,625 werkzeug INFO 127.0.0.1 - - [27/Jul/2025 15:40:57] "GET /api/tasks/1/detailed HTTP/1.1" 200 -
15:43:33,907 root INFO Client disconnected
15:43:33,907 werkzeug INFO 127.0.0.1 - - [27/Jul/2025 15:43:33] "GET /socket.io/?EIO=4&transport=websocket&sid=UaoyF8AADvhidzkeAAAE HTTP/1.1" 200 -
15:43:33,913 werkzeug INFO 127.0.0.1 - - [27/Jul/2025 15:43:33] "GET / HTTP/1.1" 200 -
15:43:33,964 werkzeug INFO 127.0.0.1 - - [27/Jul/2025 15:43:33] "GET /static/styles.css HTTP/1.1" 200 -
15:43:35,782 werkzeug INFO 127.0.0.1 - - [27/Jul/2025 15:43:35] "[36mGET /static/app.jsx HTTP/1.1[0m" 304 -
15:43:36,4 werkzeug INFO 127.0.0.1 - - [27/Jul/2025 15:43:36] "GET /socket.io/?EIO=4&transport=polling&t=PXArb12 HTTP/1.1" 200 -
15:43:36,37 werkzeug INFO 127.0.0.1 - - [27/Jul/2025 15:43:36] "POST /socket.io/?EIO=4&transport=polling&t=PXArb1Y&sid=bcJpRl5VrQT7UvgxAAAG HTTP/1.1" 200 -
15:43:36,43 werkzeug INFO 127.0.0.1 - - [27/Jul/2025 15:43:36] "GET /socket.io/?EIO=4&transport=polling&t=PXArb1Z&sid=bcJpRl5VrQT7UvgxAAAG HTTP/1.1" 200 -
15:43:36,45 werkzeug INFO 127.0.0.1 - - [27/Jul/2025 15:43:36] "[36mGET /static/icon.png HTTP/1.1[0m" 304 -
15:43:38,99 root INFO Loaded 1 MCP server configurations
15:43:38,684 root INFO Connected to MCP server: weather
15:43:38,684 root INFO TaskManager is using client's provider.
15:43:38,684 root INFO Memory is using the client's provider.
15:43:38,684 root INFO Using provider: Doubao
15:43:38,686 werkzeug INFO 127.0.0.1 - - [27/Jul/2025 15:43:38] "POST /api/initialize HTTP/1.1" 200 -
15:43:38,692 werkzeug INFO 127.0.0.1 - - [27/Jul/2025 15:43:38] "GET /api/tasks HTTP/1.1" 200 -
15:43:38,693 werkzeug INFO 127.0.0.1 - - [27/Jul/2025 15:43:38] "GET /api/memory HTTP/1.1" 200 -
15:43:38,695 werkzeug INFO 127.0.0.1 - - [27/Jul/2025 15:43:38] "GET /api/memory/operations HTTP/1.1" 200 -
15:43:38,697 werkzeug INFO 127.0.0.1 - - [27/Jul/2025 15:43:38] "GET /api/tools HTTP/1.1" 200 -
15:43:38,712 werkzeug INFO 127.0.0.1 - - [27/Jul/2025 15:43:38] "GET /api/tasks/1/detailed HTTP/1.1" 200 -
15:43:47,803 root INFO Get static_memory_text: 
## Available Memory Operations:
- add_memory_data: 'Add a key-value pair to the memory database.

    Args:
        key: A key for the data to add;
        value: A string value;

  Input schema: {"properties": {"key": {"title": "Key", "type": "string"}, "value": {"title": "Value", "type": "string"}}, "title": "AddMemoryDataArguments", "type": "object", "required": ["key", "value"]}
15:43:47,804 root INFO Get static_task_text: 
15:43:47,804 root INFO Get dynamic_memory_text: 
15:43:47,804 root INFO Get dynamic_task_text: 
15:43:47,807 root INFO Prompt: 
I am an AI assistant, which is good at answer user's query from the conversations, based on the memory status and task status. In generating the response, I will consider to answer with four parts: 
1. Think: analyze the context and think about what to do next.
2. Text: the text response to the user's query.
3. Memory Operation: if I need to perform a memory operation, I will return the operation name and parameters. Make sure a memroy operation is really necessary and not redundant and not repetitive. 
4. Tool: if I need to use a tool, I will return the tool name and parameters. Make sure a memroy operation is really necessary and not redundant and not repetitive. 

The result should be formatted in **JSON** dictionary and enclosed in **triple backticks (` ``` ` )**  without labels like 'json', 'css', or 'data'.
- **Do not** generate redundant content other than the result in JSON format.
- **Do not** use triple backticks anywhere else in your answer.
- The JSON must include the following keys and values accordingly :
    - 'text': A JSON String for the text response to the user's query.
    - 'think': A JSON String for the description of the thinking process to response to the user's query.
    - 'mem_op': ONlY USED when you need to perform a memory operation (from the available memory operations), the value is a dictionary with the operation name and parameters: 
        - 'name': The name of the memory operation.
        - 'args': A dictionary of arguments for the operation.
    - 'tool': ONLY USED when you need to use a tool (from the available tools), the value is a dictionary with the tool name and parameters:
        - 'name': The name of the tool to use.
        - 'args': A dictionary of arguments for the tool.
    

## Static Memory:

## Available Memory Operations:
- add_memory_data: 'Add a key-value pair to the memory database.

    Args:
        key: A key for the data to add;
        value: A string value;

  Input schema: {"properties": {"key": {"title": "Key", "type": "string"}, "value": {"title": "Value", "type": "string"}}, "title": "AddMemoryDataArguments", "type": "object", "required": ["key", "value"]}

## Available Tools:
- get_alerts: 'Get weather alerts for a US state.

    Args:
        state: Two-letter US state code (e.g. CA, NY)
    
  Input schema: {"properties": {"state": {"title": "State", "type": "string"}}, "required": ["state"], "title": "get_alertsArguments", "type": "object"}
- get_forecast: 'Get weather forecast for a location.

    Args:
        latitude: Latitude of the location
        longitude: Longitude of the location
    
  Input schema: {"properties": {"latitude": {"title": "Latitude", "type": "number"}, "longitude": {"title": "Longitude", "type": "number"}}, "required": ["latitude", "longitude"], "title": "get_forecastArguments", "type": "object"}
## Conversation History:

User Query: ih

Your Answer:

15:43:51,422 root INFO Text response: ```
{
    "text": "I'm not sure what 'ih' means. Can you provide more context or clarify your query?",
    "think": "The user's input 'ih' is unclear. There is no obvious information in the conversation history and static memory to understand its meaning. So, ask the user for more context or clarification.",
    "mem_op": {},
    "tool": {}
}
```
15:43:51,432 root INFO Extracted data: {'text': "I'm not sure what 'ih' means. Can you provide more context or clarify your query?", 'think': "The user's input 'ih' is unclear. There is no obvious information in the conversation history and static memory to understand its meaning. So, ask the user for more context or clarification.", 'mem_op': {}, 'tool': {}}
15:43:51,433 root INFO Dict response: {'text': "I'm not sure what 'ih' means. Can you provide more context or clarify your query?", 'think': "The user's input 'ih' is unclear. There is no obvious information in the conversation history and static memory to understand its meaning. So, ask the user for more context or clarification."}
15:43:51,433 root INFO Response: {'content': [{'type': 'think', 'content': "The user's input 'ih' is unclear. There is no obvious information in the conversation history and static memory to understand its meaning. So, ask the user for more context or clarification."}, {'type': 'text', 'text': "I'm not sure what 'ih' means. Can you provide more context or clarify your query?"}]}
15:43:51,434 root INFO Task 1 updated successfully. Files extracted: 0
15:43:51,436 werkzeug INFO 127.0.0.1 - - [27/Jul/2025 15:43:51] "POST /api/chat HTTP/1.1" 200 -
15:43:51,471 werkzeug INFO 127.0.0.1 - - [27/Jul/2025 15:43:51] "GET /api/tasks HTTP/1.1" 200 -
15:43:51,472 werkzeug INFO 127.0.0.1 - - [27/Jul/2025 15:43:51] "GET /api/memory HTTP/1.1" 200 -
15:43:51,476 werkzeug INFO 127.0.0.1 - - [27/Jul/2025 15:43:51] "GET /api/memory/operations HTTP/1.1" 200 -
15:43:51,479 werkzeug INFO 127.0.0.1 - - [27/Jul/2025 15:43:51] "GET /api/tools HTTP/1.1" 200 -
15:44:19,501 root INFO Client disconnected
15:44:19,502 werkzeug INFO 127.0.0.1 - - [27/Jul/2025 15:44:19] "GET /socket.io/?EIO=4&transport=websocket&sid=bcJpRl5VrQT7UvgxAAAG HTTP/1.1" 200 -
15:44:19,514 werkzeug INFO 127.0.0.1 - - [27/Jul/2025 15:44:19] "GET / HTTP/1.1" 200 -
15:44:19,566 werkzeug INFO 127.0.0.1 - - [27/Jul/2025 15:44:19] "GET /static/styles.css HTTP/1.1" 200 -
15:44:19,636 werkzeug INFO 127.0.0.1 - - [27/Jul/2025 15:44:19] "[36mGET /static/app.jsx HTTP/1.1[0m" 304 -
15:44:19,784 werkzeug INFO 127.0.0.1 - - [27/Jul/2025 15:44:19] "GET /socket.io/?EIO=4&transport=polling&t=PXArlj6 HTTP/1.1" 200 -
15:44:19,808 werkzeug INFO 127.0.0.1 - - [27/Jul/2025 15:44:19] "POST /socket.io/?EIO=4&transport=polling&t=PXArljS&sid=VL8l0aoD9fKLS0zwAAAI HTTP/1.1" 200 -
15:44:19,811 werkzeug INFO 127.0.0.1 - - [27/Jul/2025 15:44:19] "GET /socket.io/?EIO=4&transport=polling&t=PXArljS.0&sid=VL8l0aoD9fKLS0zwAAAI HTTP/1.1" 200 -
15:44:19,815 werkzeug INFO 127.0.0.1 - - [27/Jul/2025 15:44:19] "[36mGET /static/icon.png HTTP/1.1[0m" 304 -
15:44:21,192 root INFO Loaded 1 MCP server configurations
15:44:21,790 root INFO Connected to MCP server: weather
15:44:21,790 root INFO TaskManager is using client's provider.
15:44:21,790 root INFO Memory is using the client's provider.
15:44:21,790 root INFO Using provider: Doubao
15:44:21,792 werkzeug INFO 127.0.0.1 - - [27/Jul/2025 15:44:21] "POST /api/initialize HTTP/1.1" 200 -
15:44:21,801 werkzeug INFO 127.0.0.1 - - [27/Jul/2025 15:44:21] "GET /api/memory HTTP/1.1" 200 -
15:44:21,802 werkzeug INFO 127.0.0.1 - - [27/Jul/2025 15:44:21] "GET /api/tasks HTTP/1.1" 200 -
15:44:21,804 werkzeug INFO 127.0.0.1 - - [27/Jul/2025 15:44:21] "GET /api/memory/operations HTTP/1.1" 200 -
15:44:21,806 werkzeug INFO 127.0.0.1 - - [27/Jul/2025 15:44:21] "GET /api/tools HTTP/1.1" 200 -
15:44:21,816 werkzeug INFO 127.0.0.1 - - [27/Jul/2025 15:44:21] "GET /api/tasks/1/detailed HTTP/1.1" 200 -
15:46:05,796 werkzeug INFO 127.0.0.1 - - [27/Jul/2025 15:46:05] "GET /api/tasks HTTP/1.1" 200 -
15:46:05,797 werkzeug INFO 127.0.0.1 - - [27/Jul/2025 15:46:05] "GET /api/memory HTTP/1.1" 200 -
15:46:05,799 werkzeug INFO 127.0.0.1 - - [27/Jul/2025 15:46:05] "GET /api/memory/operations HTTP/1.1" 200 -
15:46:05,801 werkzeug INFO 127.0.0.1 - - [27/Jul/2025 15:46:05] "GET /api/tools HTTP/1.1" 200 -
15:46:07,482 werkzeug INFO 127.0.0.1 - - [27/Jul/2025 15:46:07] "GET /api/tasks HTTP/1.1" 200 -
15:46:07,483 werkzeug INFO 127.0.0.1 - - [27/Jul/2025 15:46:07] "GET /api/memory HTTP/1.1" 200 -
15:46:07,485 werkzeug INFO 127.0.0.1 - - [27/Jul/2025 15:46:07] "GET /api/memory/operations HTTP/1.1" 200 -
15:46:07,488 werkzeug INFO 127.0.0.1 - - [27/Jul/2025 15:46:07] "GET /api/tools HTTP/1.1" 200 -
15:46:18,83 werkzeug INFO 127.0.0.1 - - [27/Jul/2025 15:46:18] "GET /api/memory/details HTTP/1.1" 200 -
15:46:25,477 werkzeug INFO 127.0.0.1 - - [27/Jul/2025 15:46:25] "GET /api/memory/details HTTP/1.1" 200 -
15:46:55,572 werkzeug INFO 127.0.0.1 - - [27/Jul/2025 15:46:55] "GET /api/memory HTTP/1.1" 200 -
15:46:55,572 werkzeug INFO 127.0.0.1 - - [27/Jul/2025 15:46:55] "GET /api/tasks HTTP/1.1" 200 -
15:46:55,575 werkzeug INFO 127.0.0.1 - - [27/Jul/2025 15:46:55] "GET /api/memory/operations HTTP/1.1" 200 -
15:46:55,577 werkzeug INFO 127.0.0.1 - - [27/Jul/2025 15:46:55] "GET /api/tools HTTP/1.1" 200 -
15:47:32,599 root INFO Client disconnected
15:47:32,599 werkzeug INFO 127.0.0.1 - - [27/Jul/2025 15:47:32] "GET /socket.io/?EIO=4&transport=websocket&sid=VL8l0aoD9fKLS0zwAAAI HTTP/1.1" 200 -
15:47:32,606 werkzeug INFO 127.0.0.1 - - [27/Jul/2025 15:47:32] "GET / HTTP/1.1" 200 -
15:47:32,659 werkzeug INFO 127.0.0.1 - - [27/Jul/2025 15:47:32] "[36mGET /static/styles.css HTTP/1.1[0m" 304 -
15:47:34,257 werkzeug INFO 127.0.0.1 - - [27/Jul/2025 15:47:34] "GET /static/app.jsx HTTP/1.1" 200 -
15:47:34,400 werkzeug INFO 127.0.0.1 - - [27/Jul/2025 15:47:34] "GET /socket.io/?EIO=4&transport=polling&t=PXAsVDz HTTP/1.1" 200 -
15:47:34,420 werkzeug INFO 127.0.0.1 - - [27/Jul/2025 15:47:34] "POST /socket.io/?EIO=4&transport=polling&t=PXAsVEI&sid=9FXvitoUPZxY4oGTAAAK HTTP/1.1" 200 -
15:47:34,423 werkzeug INFO 127.0.0.1 - - [27/Jul/2025 15:47:34] "GET /socket.io/?EIO=4&transport=polling&t=PXAsVEI.0&sid=9FXvitoUPZxY4oGTAAAK HTTP/1.1" 200 -
15:47:34,430 werkzeug INFO 127.0.0.1 - - [27/Jul/2025 15:47:34] "[36mGET /static/icon.png HTTP/1.1[0m" 304 -
15:47:34,431 werkzeug INFO 127.0.0.1 - - [27/Jul/2025 15:47:34] "GET /socket.io/?EIO=4&transport=polling&t=PXAsVEQ&sid=9FXvitoUPZxY4oGTAAAK HTTP/1.1" 200 -
15:47:35,968 root INFO Loaded 1 MCP server configurations
15:47:36,556 root INFO Connected to MCP server: weather
15:47:36,556 root INFO TaskManager is using client's provider.
15:47:36,556 root INFO Memory is using the client's provider.
15:47:36,556 root INFO Using provider: Doubao
15:47:36,557 werkzeug INFO 127.0.0.1 - - [27/Jul/2025 15:47:36] "POST /api/initialize HTTP/1.1" 200 -
15:47:36,569 werkzeug INFO 127.0.0.1 - - [27/Jul/2025 15:47:36] "GET /api/tasks HTTP/1.1" 200 -
15:47:36,570 werkzeug INFO 127.0.0.1 - - [27/Jul/2025 15:47:36] "GET /api/memory HTTP/1.1" 200 -
15:47:36,571 werkzeug INFO 127.0.0.1 - - [27/Jul/2025 15:47:36] "GET /api/memory/operations HTTP/1.1" 200 -
15:47:36,574 werkzeug INFO 127.0.0.1 - - [27/Jul/2025 15:47:36] "[36mGET /static/icon.png HTTP/1.1[0m" 304 -
15:47:36,575 werkzeug INFO 127.0.0.1 - - [27/Jul/2025 15:47:36] "GET /api/tools HTTP/1.1" 200 -
15:47:36,584 werkzeug INFO 127.0.0.1 - - [27/Jul/2025 15:47:36] "GET /api/tasks/1/detailed HTTP/1.1" 200 -
15:49:32,710 root INFO Client disconnected
15:49:32,711 werkzeug INFO 127.0.0.1 - - [27/Jul/2025 15:49:32] "GET /socket.io/?EIO=4&transport=websocket&sid=9FXvitoUPZxY4oGTAAAK HTTP/1.1" 200 -
15:49:32,718 werkzeug INFO 127.0.0.1 - - [27/Jul/2025 15:49:32] "GET / HTTP/1.1" 200 -
15:49:32,753 werkzeug INFO 127.0.0.1 - - [27/Jul/2025 15:49:32] "[36mGET /static/styles.css HTTP/1.1[0m" 304 -
15:49:34,777 werkzeug INFO 127.0.0.1 - - [27/Jul/2025 15:49:34] "GET / HTTP/1.1" 200 -
15:49:34,808 werkzeug INFO 127.0.0.1 - - [27/Jul/2025 15:49:34] "[36mGET /static/styles.css HTTP/1.1[0m" 304 -
15:49:35,579 werkzeug INFO 127.0.0.1 - - [27/Jul/2025 15:49:35] "GET /static/app.jsx HTTP/1.1" 200 -
15:49:35,723 werkzeug INFO 127.0.0.1 - - [27/Jul/2025 15:49:35] "GET /socket.io/?EIO=4&transport=polling&t=PXAsyre HTTP/1.1" 200 -
15:49:35,745 werkzeug INFO 127.0.0.1 - - [27/Jul/2025 15:49:35] "POST /socket.io/?EIO=4&transport=polling&t=PXAsyrz&sid=JenmA7iu3VluhDC8AAAM HTTP/1.1" 200 -
15:49:35,747 werkzeug INFO 127.0.0.1 - - [27/Jul/2025 15:49:35] "GET /socket.io/?EIO=4&transport=polling&t=PXAsyrz.0&sid=JenmA7iu3VluhDC8AAAM HTTP/1.1" 200 -
15:49:35,754 werkzeug INFO 127.0.0.1 - - [27/Jul/2025 15:49:35] "[36mGET /static/icon.png HTTP/1.1[0m" 304 -
15:49:37,202 root INFO Loaded 1 MCP server configurations
15:49:37,805 root INFO Connected to MCP server: weather
15:49:37,805 root INFO TaskManager is using client's provider.
15:49:37,805 root INFO Memory is using the client's provider.
15:49:37,805 root INFO Using provider: Doubao
15:49:37,806 werkzeug INFO 127.0.0.1 - - [27/Jul/2025 15:49:37] "POST /api/initialize HTTP/1.1" 200 -
15:49:37,815 werkzeug INFO 127.0.0.1 - - [27/Jul/2025 15:49:37] "GET /api/tasks HTTP/1.1" 200 -
15:49:37,816 werkzeug INFO 127.0.0.1 - - [27/Jul/2025 15:49:37] "GET /api/memory HTTP/1.1" 200 -
15:49:37,818 werkzeug INFO 127.0.0.1 - - [27/Jul/2025 15:49:37] "GET /api/memory/operations HTTP/1.1" 200 -
15:49:37,819 werkzeug INFO 127.0.0.1 - - [27/Jul/2025 15:49:37] "[36mGET /static/icon.png HTTP/1.1[0m" 304 -
15:49:37,821 werkzeug INFO 127.0.0.1 - - [27/Jul/2025 15:49:37] "GET /api/tools HTTP/1.1" 200 -
15:49:37,832 werkzeug INFO 127.0.0.1 - - [27/Jul/2025 15:49:37] "GET /api/tasks/1/detailed HTTP/1.1" 200 -
15:50:02,576 root INFO Client disconnected
15:50:02,577 werkzeug INFO 127.0.0.1 - - [27/Jul/2025 15:50:02] "GET /socket.io/?EIO=4&transport=websocket&sid=JenmA7iu3VluhDC8AAAM HTTP/1.1" 200 -
15:50:02,584 werkzeug INFO 127.0.0.1 - - [27/Jul/2025 15:50:02] "GET / HTTP/1.1" 200 -
15:50:02,609 werkzeug INFO 127.0.0.1 - - [27/Jul/2025 15:50:02] "[36mGET /static/styles.css HTTP/1.1[0m" 304 -
15:50:02,690 werkzeug INFO 127.0.0.1 - - [27/Jul/2025 15:50:02] "GET /static/app.jsx HTTP/1.1" 200 -
15:50:02,836 werkzeug INFO 127.0.0.1 - - [27/Jul/2025 15:50:02] "GET /socket.io/?EIO=4&transport=polling&t=PXAt3TI HTTP/1.1" 200 -
15:50:02,863 werkzeug INFO 127.0.0.1 - - [27/Jul/2025 15:50:02] "POST /socket.io/?EIO=4&transport=polling&t=PXAt3Te&sid=a3f1kzgYWmoxmzwRAAAO HTTP/1.1" 200 -
15:50:02,864 werkzeug INFO 127.0.0.1 - - [27/Jul/2025 15:50:02] "GET /socket.io/?EIO=4&transport=polling&t=PXAt3Te.0&sid=a3f1kzgYWmoxmzwRAAAO HTTP/1.1" 200 -
15:50:02,867 werkzeug INFO 127.0.0.1 - - [27/Jul/2025 15:50:02] "[36mGET /static/icon.png HTTP/1.1[0m" 304 -
15:50:04,686 root INFO Loaded 1 MCP server configurations
15:50:05,282 root INFO Connected to MCP server: weather
15:50:05,282 root INFO TaskManager is using client's provider.
15:50:05,283 root INFO Memory is using the client's provider.
15:50:05,283 root INFO Using provider: Doubao
15:50:05,284 werkzeug INFO 127.0.0.1 - - [27/Jul/2025 15:50:05] "POST /api/initialize HTTP/1.1" 200 -
15:50:05,291 werkzeug INFO 127.0.0.1 - - [27/Jul/2025 15:50:05] "GET /api/tasks HTTP/1.1" 200 -
15:50:05,292 werkzeug INFO 127.0.0.1 - - [27/Jul/2025 15:50:05] "GET /api/memory HTTP/1.1" 200 -
15:50:05,293 werkzeug INFO 127.0.0.1 - - [27/Jul/2025 15:50:05] "GET /api/memory/operations HTTP/1.1" 200 -
15:50:05,294 werkzeug INFO 127.0.0.1 - - [27/Jul/2025 15:50:05] "[36mGET /static/icon.png HTTP/1.1[0m" 304 -
15:50:05,296 werkzeug INFO 127.0.0.1 - - [27/Jul/2025 15:50:05] "GET /api/tools HTTP/1.1" 200 -
15:50:05,312 werkzeug INFO 127.0.0.1 - - [27/Jul/2025 15:50:05] "GET /api/tasks/1/detailed HTTP/1.1" 200 -
15:51:33,965 werkzeug INFO 127.0.0.1 - - [27/Jul/2025 15:51:33] "GET /api/tasks HTTP/1.1" 200 -
15:51:33,966 werkzeug INFO 127.0.0.1 - - [27/Jul/2025 15:51:33] "GET /api/memory HTTP/1.1" 200 -
15:51:33,968 werkzeug INFO 127.0.0.1 - - [27/Jul/2025 15:51:33] "GET /api/memory/operations HTTP/1.1" 200 -
15:51:33,971 werkzeug INFO 127.0.0.1 - - [27/Jul/2025 15:51:33] "GET /api/tools HTTP/1.1" 200 -
15:53:30,872 root INFO Client disconnected
15:53:30,872 werkzeug INFO 127.0.0.1 - - [27/Jul/2025 15:53:30] "GET /socket.io/?EIO=4&transport=websocket&sid=a3f1kzgYWmoxmzwRAAAO HTTP/1.1" 200 -
15:53:30,880 werkzeug INFO 127.0.0.1 - - [27/Jul/2025 15:53:30] "GET / HTTP/1.1" 200 -
15:53:30,917 werkzeug INFO 127.0.0.1 - - [27/Jul/2025 15:53:30] "[36mGET /static/styles.css HTTP/1.1[0m" 304 -
15:53:32,584 werkzeug INFO 127.0.0.1 - - [27/Jul/2025 15:53:32] "GET /static/app.jsx HTTP/1.1" 200 -
15:53:32,729 werkzeug INFO 127.0.0.1 - - [27/Jul/2025 15:53:32] "GET /socket.io/?EIO=4&transport=polling&t=PXAtsit HTTP/1.1" 200 -
15:53:32,750 werkzeug INFO 127.0.0.1 - - [27/Jul/2025 15:53:32] "POST /socket.io/?EIO=4&transport=polling&t=PXAtsjA&sid=Szfv9i9gePnaz_KiAAAQ HTTP/1.1" 200 -
15:53:32,751 werkzeug INFO 127.0.0.1 - - [27/Jul/2025 15:53:32] "GET /socket.io/?EIO=4&transport=polling&t=PXAtsjB&sid=Szfv9i9gePnaz_KiAAAQ HTTP/1.1" 200 -
15:53:32,758 werkzeug INFO 127.0.0.1 - - [27/Jul/2025 15:53:32] "GET /socket.io/?EIO=4&transport=polling&t=PXAtsjJ&sid=Szfv9i9gePnaz_KiAAAQ HTTP/1.1" 200 -
15:53:32,759 werkzeug INFO 127.0.0.1 - - [27/Jul/2025 15:53:32] "[36mGET /static/icon.png HTTP/1.1[0m" 304 -
15:53:34,320 root INFO Loaded 1 MCP server configurations
15:53:35,0 root INFO Connected to MCP server: weather
15:53:35,0 root INFO TaskManager is using client's provider.
15:53:35,0 root INFO Memory is using the client's provider.
15:53:35,0 root INFO Using provider: Doubao
15:53:35,2 werkzeug INFO 127.0.0.1 - - [27/Jul/2025 15:53:35] "POST /api/initialize HTTP/1.1" 200 -
15:53:35,7 werkzeug INFO 127.0.0.1 - - [27/Jul/2025 15:53:35] "GET /api/tasks HTTP/1.1" 200 -
15:53:35,7 werkzeug INFO 127.0.0.1 - - [27/Jul/2025 15:53:35] "GET /api/memory HTTP/1.1" 200 -
15:53:35,9 werkzeug INFO 127.0.0.1 - - [27/Jul/2025 15:53:35] "GET /api/memory/operations HTTP/1.1" 200 -
15:53:35,10 werkzeug INFO 127.0.0.1 - - [27/Jul/2025 15:53:35] "[36mGET /static/icon.png HTTP/1.1[0m" 304 -
15:53:35,12 werkzeug INFO 127.0.0.1 - - [27/Jul/2025 15:53:35] "GET /api/tools HTTP/1.1" 200 -
15:53:35,21 werkzeug INFO 127.0.0.1 - - [27/Jul/2025 15:53:35] "GET /api/tasks/1/detailed HTTP/1.1" 200 -
15:53:46,715 root INFO Client disconnected
15:53:46,715 werkzeug INFO 127.0.0.1 - - [27/Jul/2025 15:53:46] "GET /socket.io/?EIO=4&transport=websocket&sid=Szfv9i9gePnaz_KiAAAQ HTTP/1.1" 200 -
15:53:46,725 werkzeug INFO 127.0.0.1 - - [27/Jul/2025 15:53:46] "GET / HTTP/1.1" 200 -
15:53:46,778 werkzeug INFO 127.0.0.1 - - [27/Jul/2025 15:53:46] "[36mGET /static/styles.css HTTP/1.1[0m" 304 -
15:53:46,857 werkzeug INFO 127.0.0.1 - - [27/Jul/2025 15:53:46] "GET /static/app.jsx HTTP/1.1" 200 -
15:53:46,997 werkzeug INFO 127.0.0.1 - - [27/Jul/2025 15:53:46] "GET /socket.io/?EIO=4&transport=polling&t=PXAtwBo HTTP/1.1" 200 -
15:53:47,21 werkzeug INFO 127.0.0.1 - - [27/Jul/2025 15:53:47] "POST /socket.io/?EIO=4&transport=polling&t=PXAtwCA&sid=LaaL5lMeupGOJ2NjAAAS HTTP/1.1" 200 -
15:53:47,22 werkzeug INFO 127.0.0.1 - - [27/Jul/2025 15:53:47] "GET /socket.io/?EIO=4&transport=polling&t=PXAtwCA.0&sid=LaaL5lMeupGOJ2NjAAAS HTTP/1.1" 200 -
15:53:47,28 werkzeug INFO 127.0.0.1 - - [27/Jul/2025 15:53:47] "GET /socket.io/?EIO=4&transport=polling&t=PXAtwCG&sid=LaaL5lMeupGOJ2NjAAAS HTTP/1.1" 200 -
15:53:47,29 werkzeug INFO 127.0.0.1 - - [27/Jul/2025 15:53:47] "[36mGET /static/icon.png HTTP/1.1[0m" 304 -
15:53:48,570 root INFO Loaded 1 MCP server configurations
15:53:49,174 root INFO Connected to MCP server: weather
15:53:49,174 root INFO TaskManager is using client's provider.
15:53:49,174 root INFO Memory is using the client's provider.
15:53:49,174 root INFO Using provider: Doubao
15:53:49,176 werkzeug INFO 127.0.0.1 - - [27/Jul/2025 15:53:49] "POST /api/initialize HTTP/1.1" 200 -
15:53:49,184 werkzeug INFO 127.0.0.1 - - [27/Jul/2025 15:53:49] "GET /api/tasks HTTP/1.1" 200 -
15:53:49,185 werkzeug INFO 127.0.0.1 - - [27/Jul/2025 15:53:49] "GET /api/memory HTTP/1.1" 200 -
15:53:49,187 werkzeug INFO 127.0.0.1 - - [27/Jul/2025 15:53:49] "GET /api/memory/operations HTTP/1.1" 200 -
15:53:49,188 werkzeug INFO 127.0.0.1 - - [27/Jul/2025 15:53:49] "[36mGET /static/icon.png HTTP/1.1[0m" 304 -
15:53:49,190 werkzeug INFO 127.0.0.1 - - [27/Jul/2025 15:53:49] "GET /api/tools HTTP/1.1" 200 -
15:53:49,198 werkzeug INFO 127.0.0.1 - - [27/Jul/2025 15:53:49] "GET /api/tasks/1/detailed HTTP/1.1" 200 -
15:54:37,528 root INFO Client disconnected
15:54:37,528 werkzeug INFO 127.0.0.1 - - [27/Jul/2025 15:54:37] "GET /socket.io/?EIO=4&transport=websocket&sid=LaaL5lMeupGOJ2NjAAAS HTTP/1.1" 200 -
15:54:37,535 werkzeug INFO 127.0.0.1 - - [27/Jul/2025 15:54:37] "GET / HTTP/1.1" 200 -
15:54:37,570 werkzeug INFO 127.0.0.1 - - [27/Jul/2025 15:54:37] "GET /static/styles.css HTTP/1.1" 200 -
15:54:39,371 werkzeug INFO 127.0.0.1 - - [27/Jul/2025 15:54:39] "[36mGET /static/app.jsx HTTP/1.1[0m" 304 -
15:54:39,515 werkzeug INFO 127.0.0.1 - - [27/Jul/2025 15:54:39] "GET /socket.io/?EIO=4&transport=polling&t=PXAu70O HTTP/1.1" 200 -
15:54:39,535 werkzeug INFO 127.0.0.1 - - [27/Jul/2025 15:54:39] "POST /socket.io/?EIO=4&transport=polling&t=PXAu70i&sid=SsVKmZkEqaJEzQDdAAAU HTTP/1.1" 200 -
15:54:39,541 werkzeug INFO 127.0.0.1 - - [27/Jul/2025 15:54:39] "GET /socket.io/?EIO=4&transport=polling&t=PXAu70j&sid=SsVKmZkEqaJEzQDdAAAU HTTP/1.1" 200 -
15:54:39,545 werkzeug INFO 127.0.0.1 - - [27/Jul/2025 15:54:39] "[36mGET /static/icon.png HTTP/1.1[0m" 304 -
15:54:39,546 werkzeug INFO 127.0.0.1 - - [27/Jul/2025 15:54:39] "GET /socket.io/?EIO=4&transport=polling&t=PXAu70t&sid=SsVKmZkEqaJEzQDdAAAU HTTP/1.1" 200 -
15:54:41,59 root INFO Loaded 1 MCP server configurations
15:54:41,219 asyncio ERROR Task exception was never retrieved
future: <Task finished name='Task-85' coro=<<async_generator_athrow without __name__>()> exception=RuntimeError('Attempted to exit cancel scope in a different task than it was entered in')>
  + Exception Group Traceback (most recent call last):
  |   File "/Volumes/Works/Projects/pulsar-project/.venv/lib/python3.12/site-packages/anyio/_backends/_asyncio.py", line 772, in __aexit__
  |     raise BaseExceptionGroup(
  | BaseExceptionGroup: unhandled errors in a TaskGroup (1 sub-exception)
  +-+---------------- 1 ----------------
    | Traceback (most recent call last):
    |   File "/Volumes/Works/Projects/pulsar-project/.venv/lib/python3.12/site-packages/mcp/client/stdio/__init__.py", line 187, in stdio_client
    |     yield read_stream, write_stream
    | GeneratorExit
    +------------------------------------

During handling of the above exception, another exception occurred:

Traceback (most recent call last):
  File "/Volumes/Works/Projects/pulsar-project/.venv/lib/python3.12/site-packages/mcp/client/stdio/__init__.py", line 180, in stdio_client
    async with (
  File "/Volumes/Works/Projects/pulsar-project/.venv/lib/python3.12/site-packages/anyio/_backends/_asyncio.py", line 778, in __aexit__
    if self.cancel_scope.__exit__(type(exc), exc, exc.__traceback__):
       ^^^^^^^^^^^^^^^^^^^^^^^^^^^^^^^^^^^^^^^^^^^^^^^^^^^^^^^^^^^^^
  File "/Volumes/Works/Projects/pulsar-project/.venv/lib/python3.12/site-packages/anyio/_backends/_asyncio.py", line 457, in __exit__
    raise RuntimeError(
RuntimeError: Attempted to exit cancel scope in a different task than it was entered in
15:54:41,226 asyncio ERROR Task exception was never retrieved
future: <Task finished name='Task-86' coro=<<async_generator_athrow without __name__>()> exception=RuntimeError('Attempted to exit cancel scope in a different task than it was entered in')>
  + Exception Group Traceback (most recent call last):
  |   File "/Volumes/Works/Projects/pulsar-project/.venv/lib/python3.12/site-packages/anyio/_backends/_asyncio.py", line 772, in __aexit__
  |     raise BaseExceptionGroup(
  | BaseExceptionGroup: unhandled errors in a TaskGroup (1 sub-exception)
  +-+---------------- 1 ----------------
    | Traceback (most recent call last):
    |   File "/Volumes/Works/Projects/pulsar-project/.venv/lib/python3.12/site-packages/mcp/client/stdio/__init__.py", line 187, in stdio_client
    |     yield read_stream, write_stream
    | GeneratorExit
    +------------------------------------

During handling of the above exception, another exception occurred:

Traceback (most recent call last):
  File "/Volumes/Works/Projects/pulsar-project/.venv/lib/python3.12/site-packages/mcp/client/stdio/__init__.py", line 180, in stdio_client
    async with (
  File "/Volumes/Works/Projects/pulsar-project/.venv/lib/python3.12/site-packages/anyio/_backends/_asyncio.py", line 778, in __aexit__
    if self.cancel_scope.__exit__(type(exc), exc, exc.__traceback__):
       ^^^^^^^^^^^^^^^^^^^^^^^^^^^^^^^^^^^^^^^^^^^^^^^^^^^^^^^^^^^^^
  File "/Volumes/Works/Projects/pulsar-project/.venv/lib/python3.12/site-packages/anyio/_backends/_asyncio.py", line 457, in __exit__
    raise RuntimeError(
RuntimeError: Attempted to exit cancel scope in a different task than it was entered in
15:54:41,226 asyncio ERROR Task exception was never retrieved
future: <Task finished name='Task-82' coro=<<async_generator_athrow without __name__>()> exception=RuntimeError('Attempted to exit cancel scope in a different task than it was entered in')>
  + Exception Group Traceback (most recent call last):
  |   File "/Volumes/Works/Projects/pulsar-project/.venv/lib/python3.12/site-packages/anyio/_backends/_asyncio.py", line 772, in __aexit__
  |     raise BaseExceptionGroup(
  | BaseExceptionGroup: unhandled errors in a TaskGroup (1 sub-exception)
  +-+---------------- 1 ----------------
    | Traceback (most recent call last):
    |   File "/Volumes/Works/Projects/pulsar-project/.venv/lib/python3.12/site-packages/mcp/client/stdio/__init__.py", line 187, in stdio_client
    |     yield read_stream, write_stream
    | GeneratorExit
    +------------------------------------

During handling of the above exception, another exception occurred:

Traceback (most recent call last):
  File "/Volumes/Works/Projects/pulsar-project/.venv/lib/python3.12/site-packages/mcp/client/stdio/__init__.py", line 180, in stdio_client
    async with (
  File "/Volumes/Works/Projects/pulsar-project/.venv/lib/python3.12/site-packages/anyio/_backends/_asyncio.py", line 778, in __aexit__
    if self.cancel_scope.__exit__(type(exc), exc, exc.__traceback__):
       ^^^^^^^^^^^^^^^^^^^^^^^^^^^^^^^^^^^^^^^^^^^^^^^^^^^^^^^^^^^^^
  File "/Volumes/Works/Projects/pulsar-project/.venv/lib/python3.12/site-packages/anyio/_backends/_asyncio.py", line 457, in __exit__
    raise RuntimeError(
RuntimeError: Attempted to exit cancel scope in a different task than it was entered in
15:54:41,227 asyncio ERROR Task exception was never retrieved
future: <Task finished name='Task-84' coro=<<async_generator_athrow without __name__>()> exception=RuntimeError('Attempted to exit cancel scope in a different task than it was entered in')>
  + Exception Group Traceback (most recent call last):
  |   File "/Volumes/Works/Projects/pulsar-project/.venv/lib/python3.12/site-packages/anyio/_backends/_asyncio.py", line 772, in __aexit__
  |     raise BaseExceptionGroup(
  | BaseExceptionGroup: unhandled errors in a TaskGroup (1 sub-exception)
  +-+---------------- 1 ----------------
    | Traceback (most recent call last):
    |   File "/Volumes/Works/Projects/pulsar-project/.venv/lib/python3.12/site-packages/mcp/client/stdio/__init__.py", line 187, in stdio_client
    |     yield read_stream, write_stream
    | GeneratorExit
    +------------------------------------

During handling of the above exception, another exception occurred:

Traceback (most recent call last):
  File "/Volumes/Works/Projects/pulsar-project/.venv/lib/python3.12/site-packages/mcp/client/stdio/__init__.py", line 180, in stdio_client
    async with (
  File "/Volumes/Works/Projects/pulsar-project/.venv/lib/python3.12/site-packages/anyio/_backends/_asyncio.py", line 778, in __aexit__
    if self.cancel_scope.__exit__(type(exc), exc, exc.__traceback__):
       ^^^^^^^^^^^^^^^^^^^^^^^^^^^^^^^^^^^^^^^^^^^^^^^^^^^^^^^^^^^^^
  File "/Volumes/Works/Projects/pulsar-project/.venv/lib/python3.12/site-packages/anyio/_backends/_asyncio.py", line 457, in __exit__
    raise RuntimeError(
RuntimeError: Attempted to exit cancel scope in a different task than it was entered in
15:54:41,227 asyncio ERROR Task exception was never retrieved
future: <Task finished name='Task-83' coro=<<async_generator_athrow without __name__>()> exception=RuntimeError('Attempted to exit cancel scope in a different task than it was entered in')>
  + Exception Group Traceback (most recent call last):
  |   File "/Volumes/Works/Projects/pulsar-project/.venv/lib/python3.12/site-packages/anyio/_backends/_asyncio.py", line 772, in __aexit__
  |     raise BaseExceptionGroup(
  | BaseExceptionGroup: unhandled errors in a TaskGroup (1 sub-exception)
  +-+---------------- 1 ----------------
    | Traceback (most recent call last):
    |   File "/Volumes/Works/Projects/pulsar-project/.venv/lib/python3.12/site-packages/mcp/client/stdio/__init__.py", line 187, in stdio_client
    |     yield read_stream, write_stream
    | GeneratorExit
    +------------------------------------

During handling of the above exception, another exception occurred:

Traceback (most recent call last):
  File "/Volumes/Works/Projects/pulsar-project/.venv/lib/python3.12/site-packages/mcp/client/stdio/__init__.py", line 180, in stdio_client
    async with (
  File "/Volumes/Works/Projects/pulsar-project/.venv/lib/python3.12/site-packages/anyio/_backends/_asyncio.py", line 778, in __aexit__
    if self.cancel_scope.__exit__(type(exc), exc, exc.__traceback__):
       ^^^^^^^^^^^^^^^^^^^^^^^^^^^^^^^^^^^^^^^^^^^^^^^^^^^^^^^^^^^^^
  File "/Volumes/Works/Projects/pulsar-project/.venv/lib/python3.12/site-packages/anyio/_backends/_asyncio.py", line 457, in __exit__
    raise RuntimeError(
RuntimeError: Attempted to exit cancel scope in a different task than it was entered in
15:54:41,227 asyncio ERROR Task exception was never retrieved
future: <Task finished name='Task-87' coro=<<async_generator_athrow without __name__>()> exception=RuntimeError('Attempted to exit cancel scope in a different task than it was entered in')>
  + Exception Group Traceback (most recent call last):
  |   File "/Volumes/Works/Projects/pulsar-project/.venv/lib/python3.12/site-packages/anyio/_backends/_asyncio.py", line 772, in __aexit__
  |     raise BaseExceptionGroup(
  | BaseExceptionGroup: unhandled errors in a TaskGroup (1 sub-exception)
  +-+---------------- 1 ----------------
    | Traceback (most recent call last):
    |   File "/Volumes/Works/Projects/pulsar-project/.venv/lib/python3.12/site-packages/mcp/client/stdio/__init__.py", line 187, in stdio_client
    |     yield read_stream, write_stream
    | GeneratorExit
    +------------------------------------

During handling of the above exception, another exception occurred:

Traceback (most recent call last):
  File "/Volumes/Works/Projects/pulsar-project/.venv/lib/python3.12/site-packages/mcp/client/stdio/__init__.py", line 180, in stdio_client
    async with (
  File "/Volumes/Works/Projects/pulsar-project/.venv/lib/python3.12/site-packages/anyio/_backends/_asyncio.py", line 778, in __aexit__
    if self.cancel_scope.__exit__(type(exc), exc, exc.__traceback__):
       ^^^^^^^^^^^^^^^^^^^^^^^^^^^^^^^^^^^^^^^^^^^^^^^^^^^^^^^^^^^^^
  File "/Volumes/Works/Projects/pulsar-project/.venv/lib/python3.12/site-packages/anyio/_backends/_asyncio.py", line 457, in __exit__
    raise RuntimeError(
RuntimeError: Attempted to exit cancel scope in a different task than it was entered in
15:54:41,237 asyncio ERROR Task exception was never retrieved
future: <Task finished name='Task-80' coro=<<async_generator_athrow without __name__>()> exception=RuntimeError('Attempted to exit cancel scope in a different task than it was entered in')>
  + Exception Group Traceback (most recent call last):
  |   File "/Volumes/Works/Projects/pulsar-project/.venv/lib/python3.12/site-packages/anyio/_backends/_asyncio.py", line 772, in __aexit__
  |     raise BaseExceptionGroup(
  | BaseExceptionGroup: unhandled errors in a TaskGroup (1 sub-exception)
  +-+---------------- 1 ----------------
    | Traceback (most recent call last):
    |   File "/Volumes/Works/Projects/pulsar-project/.venv/lib/python3.12/site-packages/mcp/client/stdio/__init__.py", line 187, in stdio_client
    |     yield read_stream, write_stream
    | GeneratorExit
    +------------------------------------

During handling of the above exception, another exception occurred:

Traceback (most recent call last):
  File "/Volumes/Works/Projects/pulsar-project/.venv/lib/python3.12/site-packages/mcp/client/stdio/__init__.py", line 180, in stdio_client
    async with (
  File "/Volumes/Works/Projects/pulsar-project/.venv/lib/python3.12/site-packages/anyio/_backends/_asyncio.py", line 778, in __aexit__
    if self.cancel_scope.__exit__(type(exc), exc, exc.__traceback__):
       ^^^^^^^^^^^^^^^^^^^^^^^^^^^^^^^^^^^^^^^^^^^^^^^^^^^^^^^^^^^^^
  File "/Volumes/Works/Projects/pulsar-project/.venv/lib/python3.12/site-packages/anyio/_backends/_asyncio.py", line 457, in __exit__
    raise RuntimeError(
RuntimeError: Attempted to exit cancel scope in a different task than it was entered in
15:54:41,240 asyncio ERROR Task exception was never retrieved
future: <Task finished name='Task-81' coro=<<async_generator_athrow without __name__>()> exception=RuntimeError('Attempted to exit cancel scope in a different task than it was entered in')>
  + Exception Group Traceback (most recent call last):
  |   File "/Volumes/Works/Projects/pulsar-project/.venv/lib/python3.12/site-packages/anyio/_backends/_asyncio.py", line 772, in __aexit__
  |     raise BaseExceptionGroup(
  | BaseExceptionGroup: unhandled errors in a TaskGroup (1 sub-exception)
  +-+---------------- 1 ----------------
    | Traceback (most recent call last):
    |   File "/Volumes/Works/Projects/pulsar-project/.venv/lib/python3.12/site-packages/mcp/client/stdio/__init__.py", line 187, in stdio_client
    |     yield read_stream, write_stream
    | GeneratorExit
    +------------------------------------

During handling of the above exception, another exception occurred:

Traceback (most recent call last):
  File "/Volumes/Works/Projects/pulsar-project/.venv/lib/python3.12/site-packages/mcp/client/stdio/__init__.py", line 180, in stdio_client
    async with (
  File "/Volumes/Works/Projects/pulsar-project/.venv/lib/python3.12/site-packages/anyio/_backends/_asyncio.py", line 778, in __aexit__
    if self.cancel_scope.__exit__(type(exc), exc, exc.__traceback__):
       ^^^^^^^^^^^^^^^^^^^^^^^^^^^^^^^^^^^^^^^^^^^^^^^^^^^^^^^^^^^^^
  File "/Volumes/Works/Projects/pulsar-project/.venv/lib/python3.12/site-packages/anyio/_backends/_asyncio.py", line 457, in __exit__
    raise RuntimeError(
RuntimeError: Attempted to exit cancel scope in a different task than it was entered in
15:54:41,735 root INFO Connected to MCP server: weather
15:54:41,735 root INFO TaskManager is using client's provider.
15:54:41,735 root INFO Memory is using the client's provider.
15:54:41,735 root INFO Using provider: Doubao
15:54:41,737 werkzeug INFO 127.0.0.1 - - [27/Jul/2025 15:54:41] "POST /api/initialize HTTP/1.1" 200 -
15:54:41,745 werkzeug INFO 127.0.0.1 - - [27/Jul/2025 15:54:41] "GET /api/tasks HTTP/1.1" 200 -
15:54:41,746 werkzeug INFO 127.0.0.1 - - [27/Jul/2025 15:54:41] "GET /api/memory HTTP/1.1" 200 -
15:54:41,748 werkzeug INFO 127.0.0.1 - - [27/Jul/2025 15:54:41] "GET /api/memory/operations HTTP/1.1" 200 -
15:54:41,749 werkzeug INFO 127.0.0.1 - - [27/Jul/2025 15:54:41] "[36mGET /static/icon.png HTTP/1.1[0m" 304 -
15:54:41,750 werkzeug INFO 127.0.0.1 - - [27/Jul/2025 15:54:41] "GET /api/tools HTTP/1.1" 200 -
15:54:41,761 werkzeug INFO 127.0.0.1 - - [27/Jul/2025 15:54:41] "GET /api/tasks/1/detailed HTTP/1.1" 200 -
15:54:54,282 root INFO Client disconnected
15:54:54,282 werkzeug INFO 127.0.0.1 - - [27/Jul/2025 15:54:54] "GET /socket.io/?EIO=4&transport=websocket&sid=SsVKmZkEqaJEzQDdAAAU HTTP/1.1" 200 -
15:54:54,285 werkzeug INFO 127.0.0.1 - - [27/Jul/2025 15:54:54] "GET / HTTP/1.1" 200 -
15:54:54,333 werkzeug INFO 127.0.0.1 - - [27/Jul/2025 15:54:54] "GET /static/styles.css HTTP/1.1" 200 -
15:54:54,405 werkzeug INFO 127.0.0.1 - - [27/Jul/2025 15:54:54] "[36mGET /static/app.jsx HTTP/1.1[0m" 304 -
15:54:54,547 werkzeug INFO 127.0.0.1 - - [27/Jul/2025 15:54:54] "GET /socket.io/?EIO=4&transport=polling&t=PXAuAhH HTTP/1.1" 200 -
15:54:54,570 werkzeug INFO 127.0.0.1 - - [27/Jul/2025 15:54:54] "POST /socket.io/?EIO=4&transport=polling&t=PXAuAhd&sid=uJrY9WNdtSCYsCLAAAAW HTTP/1.1" 200 -
15:54:54,571 werkzeug INFO 127.0.0.1 - - [27/Jul/2025 15:54:54] "GET /socket.io/?EIO=4&transport=polling&t=PXAuAhd.0&sid=uJrY9WNdtSCYsCLAAAAW HTTP/1.1" 200 -
15:54:54,578 werkzeug INFO 127.0.0.1 - - [27/Jul/2025 15:54:54] "[36mGET /static/icon.png HTTP/1.1[0m" 304 -
15:54:56,337 root INFO Loaded 1 MCP server configurations
15:54:56,798 root INFO Connected to MCP server: weather
15:54:56,798 root INFO TaskManager is using client's provider.
15:54:56,798 root INFO Memory is using the client's provider.
15:54:56,798 root INFO Using provider: Doubao
15:54:56,800 werkzeug INFO 127.0.0.1 - - [27/Jul/2025 15:54:56] "POST /api/initialize HTTP/1.1" 200 -
15:54:56,807 werkzeug INFO 127.0.0.1 - - [27/Jul/2025 15:54:56] "GET /api/tasks HTTP/1.1" 200 -
15:54:56,808 werkzeug INFO 127.0.0.1 - - [27/Jul/2025 15:54:56] "GET /api/memory HTTP/1.1" 200 -
15:54:56,810 werkzeug INFO 127.0.0.1 - - [27/Jul/2025 15:54:56] "GET /api/memory/operations HTTP/1.1" 200 -
15:54:56,812 werkzeug INFO 127.0.0.1 - - [27/Jul/2025 15:54:56] "[36mGET /static/icon.png HTTP/1.1[0m" 304 -
15:54:56,814 werkzeug INFO 127.0.0.1 - - [27/Jul/2025 15:54:56] "GET /api/tools HTTP/1.1" 200 -
15:54:56,824 werkzeug INFO 127.0.0.1 - - [27/Jul/2025 15:54:56] "GET /api/tasks/1/detailed HTTP/1.1" 200 -
15:55:07,69 root INFO Client disconnected
15:55:07,69 werkzeug INFO 127.0.0.1 - - [27/Jul/2025 15:55:07] "GET /socket.io/?EIO=4&transport=websocket&sid=uJrY9WNdtSCYsCLAAAAW HTTP/1.1" 200 -
15:55:07,74 werkzeug INFO 127.0.0.1 - - [27/Jul/2025 15:55:07] "GET / HTTP/1.1" 200 -
15:55:07,99 werkzeug INFO 127.0.0.1 - - [27/Jul/2025 15:55:07] "GET /static/styles.css HTTP/1.1" 200 -
15:55:07,172 werkzeug INFO 127.0.0.1 - - [27/Jul/2025 15:55:07] "[36mGET /static/app.jsx HTTP/1.1[0m" 304 -
15:55:07,319 werkzeug INFO 127.0.0.1 - - [27/Jul/2025 15:55:07] "GET /socket.io/?EIO=4&transport=polling&t=PXAuDor HTTP/1.1" 200 -
15:55:07,343 werkzeug INFO 127.0.0.1 - - [27/Jul/2025 15:55:07] "POST /socket.io/?EIO=4&transport=polling&t=PXAuDpA&sid=RQd6UcnYTt3NrWw7AAAY HTTP/1.1" 200 -
15:55:07,347 werkzeug INFO 127.0.0.1 - - [27/Jul/2025 15:55:07] "GET /socket.io/?EIO=4&transport=polling&t=PXAuDpA.0&sid=RQd6UcnYTt3NrWw7AAAY HTTP/1.1" 200 -
15:55:07,350 werkzeug INFO 127.0.0.1 - - [27/Jul/2025 15:55:07] "[36mGET /static/icon.png HTTP/1.1[0m" 304 -
15:55:09,363 root INFO Loaded 1 MCP server configurations
15:55:09,811 root INFO Connected to MCP server: weather
15:55:09,811 root INFO TaskManager is using client's provider.
15:55:09,811 root INFO Memory is using the client's provider.
15:55:09,811 root INFO Using provider: Doubao
15:55:09,813 werkzeug INFO 127.0.0.1 - - [27/Jul/2025 15:55:09] "POST /api/initialize HTTP/1.1" 200 -
15:55:09,822 werkzeug INFO 127.0.0.1 - - [27/Jul/2025 15:55:09] "GET /api/tasks HTTP/1.1" 200 -
15:55:09,823 werkzeug INFO 127.0.0.1 - - [27/Jul/2025 15:55:09] "GET /api/memory HTTP/1.1" 200 -
15:55:09,825 werkzeug INFO 127.0.0.1 - - [27/Jul/2025 15:55:09] "GET /api/memory/operations HTTP/1.1" 200 -
15:55:09,826 werkzeug INFO 127.0.0.1 - - [27/Jul/2025 15:55:09] "[36mGET /static/icon.png HTTP/1.1[0m" 304 -
15:55:09,828 werkzeug INFO 127.0.0.1 - - [27/Jul/2025 15:55:09] "GET /api/tools HTTP/1.1" 200 -
15:55:09,836 werkzeug INFO 127.0.0.1 - - [27/Jul/2025 15:55:09] "GET /api/tasks/1/detailed HTTP/1.1" 200 -
15:55:19,189 root INFO Client disconnected
15:55:19,190 werkzeug INFO 127.0.0.1 - - [27/Jul/2025 15:55:19] "GET /socket.io/?EIO=4&transport=websocket&sid=RQd6UcnYTt3NrWw7AAAY HTTP/1.1" 200 -
15:55:19,193 werkzeug INFO 127.0.0.1 - - [27/Jul/2025 15:55:19] "GET / HTTP/1.1" 200 -
15:55:19,217 werkzeug INFO 127.0.0.1 - - [27/Jul/2025 15:55:19] "GET /static/styles.css HTTP/1.1" 200 -
15:55:19,269 werkzeug INFO 127.0.0.1 - - [27/Jul/2025 15:55:19] "[36mGET /static/app.jsx HTTP/1.1[0m" 304 -
15:55:19,420 werkzeug INFO 127.0.0.1 - - [27/Jul/2025 15:55:19] "GET /socket.io/?EIO=4&transport=polling&t=PXAuGlv HTTP/1.1" 200 -
15:55:19,447 werkzeug INFO 127.0.0.1 - - [27/Jul/2025 15:55:19] "POST /socket.io/?EIO=4&transport=polling&t=PXAuGmE&sid=AlvvjbY9VCYaM6k6AAAa HTTP/1.1" 200 -
15:55:19,449 werkzeug INFO 127.0.0.1 - - [27/Jul/2025 15:55:19] "GET /socket.io/?EIO=4&transport=polling&t=PXAuGmE.0&sid=AlvvjbY9VCYaM6k6AAAa HTTP/1.1" 200 -
15:55:19,451 werkzeug INFO 127.0.0.1 - - [27/Jul/2025 15:55:19] "[36mGET /static/icon.png HTTP/1.1[0m" 304 -
15:55:21,617 root INFO Loaded 1 MCP server configurations
15:55:22,67 root INFO Connected to MCP server: weather
15:55:22,67 root INFO TaskManager is using client's provider.
15:55:22,67 root INFO Memory is using the client's provider.
15:55:22,67 root INFO Using provider: Doubao
15:55:22,69 werkzeug INFO 127.0.0.1 - - [27/Jul/2025 15:55:22] "POST /api/initialize HTTP/1.1" 200 -
15:55:22,76 werkzeug INFO 127.0.0.1 - - [27/Jul/2025 15:55:22] "GET /api/tasks HTTP/1.1" 200 -
15:55:22,77 werkzeug INFO 127.0.0.1 - - [27/Jul/2025 15:55:22] "GET /api/memory HTTP/1.1" 200 -
15:55:22,79 werkzeug INFO 127.0.0.1 - - [27/Jul/2025 15:55:22] "GET /api/memory/operations HTTP/1.1" 200 -
15:55:22,80 werkzeug INFO 127.0.0.1 - - [27/Jul/2025 15:55:22] "[36mGET /static/icon.png HTTP/1.1[0m" 304 -
15:55:22,82 werkzeug INFO 127.0.0.1 - - [27/Jul/2025 15:55:22] "GET /api/tools HTTP/1.1" 200 -
15:55:22,90 werkzeug INFO 127.0.0.1 - - [27/Jul/2025 15:55:22] "GET /api/tasks/1/detailed HTTP/1.1" 200 -
15:57:44,554 root INFO Client disconnected
15:57:44,554 werkzeug INFO 127.0.0.1 - - [27/Jul/2025 15:57:44] "GET /socket.io/?EIO=4&transport=websocket&sid=AlvvjbY9VCYaM6k6AAAa HTTP/1.1" 200 -
15:57:44,559 werkzeug INFO 127.0.0.1 - - [27/Jul/2025 15:57:44] "GET / HTTP/1.1" 200 -
15:57:44,603 werkzeug INFO 127.0.0.1 - - [27/Jul/2025 15:57:44] "GET /static/styles.css HTTP/1.1" 200 -
15:57:46,238 werkzeug INFO 127.0.0.1 - - [27/Jul/2025 15:57:46] "[36mGET /static/app.jsx HTTP/1.1[0m" 304 -
15:57:46,386 werkzeug INFO 127.0.0.1 - - [27/Jul/2025 15:57:46] "GET /socket.io/?EIO=4&transport=polling&t=PXAuqeG HTTP/1.1" 200 -
15:57:46,407 werkzeug INFO 127.0.0.1 - - [27/Jul/2025 15:57:46] "POST /socket.io/?EIO=4&transport=polling&t=PXAuqeb&sid=v1qCuQeYIZgBZwTDAAAc HTTP/1.1" 200 -
15:57:46,417 werkzeug INFO 127.0.0.1 - - [27/Jul/2025 15:57:46] "GET /socket.io/?EIO=4&transport=polling&t=PXAuqeb.0&sid=v1qCuQeYIZgBZwTDAAAc HTTP/1.1" 200 -
15:57:46,420 werkzeug INFO 127.0.0.1 - - [27/Jul/2025 15:57:46] "GET /socket.io/?EIO=4&transport=polling&t=PXAuqeo&sid=v1qCuQeYIZgBZwTDAAAc HTTP/1.1" 200 -
15:57:46,421 werkzeug INFO 127.0.0.1 - - [27/Jul/2025 15:57:46] "[36mGET /static/icon.png HTTP/1.1[0m" 304 -
15:57:48,175 root INFO Loaded 1 MCP server configurations
15:57:48,636 root INFO Connected to MCP server: weather
15:57:48,637 root INFO TaskManager is using client's provider.
15:57:48,637 root INFO Memory is using the client's provider.
15:57:48,637 root INFO Using provider: Doubao
15:57:48,638 werkzeug INFO 127.0.0.1 - - [27/Jul/2025 15:57:48] "POST /api/initialize HTTP/1.1" 200 -
15:57:48,647 werkzeug INFO 127.0.0.1 - - [27/Jul/2025 15:57:48] "GET /api/tasks HTTP/1.1" 200 -
15:57:48,648 werkzeug INFO 127.0.0.1 - - [27/Jul/2025 15:57:48] "GET /api/memory HTTP/1.1" 200 -
15:57:48,650 werkzeug INFO 127.0.0.1 - - [27/Jul/2025 15:57:48] "GET /api/memory/operations HTTP/1.1" 200 -
15:57:48,651 werkzeug INFO 127.0.0.1 - - [27/Jul/2025 15:57:48] "[36mGET /static/icon.png HTTP/1.1[0m" 304 -
15:57:48,653 werkzeug INFO 127.0.0.1 - - [27/Jul/2025 15:57:48] "GET /api/tools HTTP/1.1" 200 -
15:57:48,662 werkzeug INFO 127.0.0.1 - - [27/Jul/2025 15:57:48] "GET /api/tasks/1/detailed HTTP/1.1" 200 -
